            --------------------------------------------------------
                             AMBER SQM VERSION 19
 
                                     By
              Ross C. Walker, Michael F. Crowley, Scott Brozell,
                         Tim Giese, Andreas W. Goetz,
                        Tai-Sung Lee and David A. Case
 
            --------------------------------------------------------
 

--------------------------------------------------------------------------------
  QM CALCULATION INFO
--------------------------------------------------------------------------------

| QMMM: Citation for AMBER QMMM Run:
| QMMM: R.C. Walker, M.F. Crowley and D.A. Case, J. COMP. CHEM. 29:1019, 2008

QMMM: SINGLET STATE CALCULATION
QMMM: RHF CALCULATION, NO. OF DOUBLY OCCUPIED LEVELS = 85

| QMMM: *** Selected Hamiltonian *** 
| QMMM: AM1         

| QMMM: *** Parameter sets in use ***
| QMMM: P : M.J.S.DEWAR et al. THEOCHEM, 187,1, (1989)
| QMMM: O : M.J.S.DEWAR et al. JACS, 107, 3902, (1985)
| QMMM: C : M.J.S.DEWAR et al. JACS, 107, 3902, (1985)
| QMMM: N : M.J.S.DEWAR et al. JACS, 107, 3902, (1985)
| QMMM: H : M.J.S.DEWAR et al. JACS, 107, 3902, (1985)

| QMMM: *** SCF convergence criteria ***
| QMMM: Energy change                :  0.1D-09 kcal/mol
| QMMM: Error matrix |FP-PF|         :  0.1D+00 au
| QMMM: Density matrix change        :  0.5D-06
| QMMM: Maximum number of SCF cycles :     1000

| QMMM: *** Diagonalization Routine Information ***
| QMMM: Pseudo diagonalizations are allowed.
| QMMM: Auto diagonalization routine selection is in use.
| QMMM:
| QMMM: Timing diagonalization routines:
| QMMM:                              norbs =      144
| QMMM:    diag iterations used for timing =       10
| QMMM:
| QMMM:              Internal diag routine = 0.048024 seconds
| QMMM:                 Dspev diag routine = 0.045703 seconds
| QMMM:                Dspevd diag routine = 0.036290 seconds
| QMMM:                Dspevx diag routine = 0.156398 seconds
| QMMM:                 Dsyev diag routine = 0.051638 seconds
| QMMM:                Dsyevd diag routine = 0.041120 seconds
| QMMM:                Dsyevr diag routine = 0.040939 seconds
| QMMM:
| QMMM:                Pseudo diag routine = 0.017938 seconds
| QMMM:
| QMMM: Using dspevd routine (diag_routine=3).

  QMMM: QM Region Cartesian Coordinates (*=link atom) 
  QMMM: QM_NO.   MM_NO.  ATOM         X         Y         Z
  QMMM:     1        1      P      -13.1280   12.4430   -7.6300
  QMMM:     2        2      O      -12.8760   12.4100   -9.1140
  QMMM:     3        3      O      -12.0590   13.1590   -6.8580
  QMMM:     4        4      O      -13.3380   11.0360   -7.0790
  QMMM:     5        5      C      -14.9840   13.5120   -6.1210
  QMMM:     6        6      O      -14.5160   13.2580   -7.4320
  QMMM:     7        7      C      -14.7180   14.9380   -5.6470
  QMMM:     8        8      O      -13.3420   15.2110   -5.7150
  QMMM:     9        9      C      -15.4710   15.9830   -6.4770
  QMMM:    10       10      O      -16.8610   15.7570   -6.3710
  QMMM:    11       11      C      -15.1160   17.3940   -6.0300
  QMMM:    12       12      O      -15.6470   18.2950   -6.9800
  QMMM:    13       13      C      -15.6490   17.7260   -4.6210
  QMMM:    14       14      N      -17.0080   20.1180   -4.7330
  QMMM:    15       15      C      -17.6810   21.2840   -5.0570
  QMMM:    16       16      O      -18.8550   21.2120   -5.4420
  QMMM:    17       17      N      -17.0340   22.5070   -4.9610
  QMMM:    18       18      C      -15.7270   22.5910   -4.5160
  QMMM:    19       19      C      -15.0660   21.4080   -4.1720
  QMMM:    20       20      O      -15.1470   23.6960   -4.4630
  QMMM:    21       21      C      -13.0770   20.2690   -3.5770
  QMMM:    22       22      N      -13.7640   21.4500   -3.7350
  QMMM:    23       23      C      -11.7240   20.3480   -3.3060
  QMMM:    24       24      C      -10.9500   19.2070   -3.1910
  QMMM:    25       25      C       -9.4870   19.3900   -2.9130
  QMMM:    26       26      C      -11.5590   17.9650   -3.3440
  QMMM:    27       27      C      -10.7460   16.7070   -3.2200
  QMMM:    28       28      C      -12.9280   17.8840   -3.6110
  QMMM:    29       29      C      -13.7040   19.0420   -3.7330
  QMMM:    30       30      C      -15.7090   20.1740   -4.3090
  QMMM:    31       31      N      -15.0650   18.9850   -4.0150
  QMMM:    32       32      H      -17.5170   23.3560   -5.2180
  QMMM:    33       33      H      -13.3270   22.3380   -3.5350
  QMMM:    34       34      H      -14.0310   17.4940   -6.0240
  QMMM:    35       35      H      -15.1810   15.8690   -7.5220
  QMMM:    36       36      H      -15.0380   15.0240   -4.6080
  QMMM:    37       37      H      -11.2540   21.3120   -3.1800
  QMMM:    38       38      H      -13.4000   16.9190   -3.7260
  QMMM:    39       39      H      -15.4360   19.1950   -6.7210
  QMMM:    40       40      H      -17.3330   16.4120   -6.8910
  QMMM:    41       41      H      -13.1780   16.1090   -5.4160
  QMMM:    42       42      H      -15.4600   16.8840   -3.9560
  QMMM:    43       43      H      -16.7350   17.8130   -4.6570
  QMMM:    44       44      H      -14.5210   12.8080   -5.4290
  QMMM:    45       45      H      -16.0540   13.3080   -6.0730
  QMMM:    46       46      H       -9.0040   18.4150   -2.8480
  QMMM:    47       47      H       -9.0330   19.9670   -3.7190
  QMMM:    48       48      H       -9.3600   19.9210   -1.9700
  QMMM:    49       49      H      -11.3910   15.8410   -3.3700
  QMMM:    50       50      H       -9.9580   16.7070   -3.9730
  QMMM:    51       51      H      -10.2990   16.6590   -2.2270

--------------------------------------------------------------------------------
  RESULTS
--------------------------------------------------------------------------------

      iter         sqm energy              rms gradient
      ----    -------------------    -----------------------
xmin    10     -344.1594 kcal/mol        7.8609 kcal/(mol*A)
xmin    20     -360.3138 kcal/mol        0.7685 kcal/(mol*A)
xmin    30     -361.9521 kcal/mol        0.7330 kcal/(mol*A)
xmin    40     -362.3079 kcal/mol        0.2249 kcal/(mol*A)
xmin    50     -362.3474 kcal/mol        0.0883 kcal/(mol*A)
xmin    60     -362.3763 kcal/mol        0.1308 kcal/(mol*A)
xmin    70     -362.3988 kcal/mol        0.0298 kcal/(mol*A)
xmin    80     -362.4000 kcal/mol        0.0090 kcal/(mol*A)
xmin    90     -362.4003 kcal/mol        0.0040 kcal/(mol*A)
xmin   100     -362.4004 kcal/mol        0.0032 kcal/(mol*A)
xmin   110     -362.4004 kcal/mol        0.0011 kcal/(mol*A)
  ... geometry converged !
 
 Final MO eigenvalues (eV):
 -34.5683  -33.1161  -32.5849  -31.2966  -30.8613  -29.9589  -29.2824  -28.9430
 -28.2514  -26.6083  -26.5285  -25.9290  -25.2004  -23.6865  -22.2604  -21.9557
 -21.5960  -21.5503  -21.2210  -21.0323  -19.2839  -18.2983  -17.1360  -16.2677
 -15.8900  -14.9652  -14.1332  -13.1311  -12.2926  -11.9781  -11.2110  -11.1734
 -10.4411  -10.3413  -10.2000  -10.1592   -9.3651   -9.1041   -9.0261   -8.8515
  -8.6647   -8.6376   -8.3487   -8.3149   -7.9580   -7.8415   -7.7709   -7.4232
  -7.2900   -7.2118   -7.1531   -7.0742   -6.9142   -6.5495   -6.2616   -6.0194
  -5.6697   -5.5207   -5.4735   -5.3955   -5.2181   -5.0349   -4.8305   -4.7539
  -4.4569   -4.1046   -4.0440   -3.8031   -3.6524   -3.4867   -3.3307   -2.8986
  -2.7106   -2.6927   -2.4520   -1.9637   -1.8720   -0.9892   -0.6321   -0.1060
   0.4015    0.4281    0.5198    0.6265    0.6500    6.6487    6.9475    7.5388
   8.2752    8.2928    8.8487    9.1241    9.5538    9.7227    9.8846   10.0014
  10.0592   10.1407   10.2949   10.3867   10.5275   10.6392   10.6826   10.8445
  10.8837   10.9809   11.0199   11.0423   11.1621   11.2207   11.3057   11.3499
  11.5091   11.6011   11.6873   11.7823   11.8555   11.9426   11.9829   12.0685
  12.1592   12.2769   12.3930   12.4250   12.6520   12.7059   12.8716   12.9727
  13.0590   13.1105   13.1778   13.5352   13.6088   13.7079   13.7775   13.8104
  14.1432   14.2574   14.3712   15.5260   15.8682   17.4453   19.1771   19.3258


 Heat of formation   =       -362.40036061 kcal/mol  (      -15.71485888 eV)

 Total SCF energy    =    -145140.36983916 kcal/mol  (    -6293.75871988 eV)
 Electronic energy   =   -1124491.18963721 kcal/mol  (   -48761.59705291 eV)
 Core-core repulsion =     979350.81979805 kcal/mol  (    42467.83833303 eV)
 
    Atomic Charges for Step       1 :
  Atom    Element       Mulliken Charge
     1      P                  2.512
     2      O                 -1.238
     3      O                 -1.246
     4      O                 -1.254
     5      C                  0.045
     6      O                 -0.733
     7      C                  0.023
     8      O                 -0.423
     9      C                  0.010
    10      O                 -0.345
    11      C                 -0.022
    12      O                 -0.362
    13      C                 -0.041
    14      N                 -0.368
    15      C                  0.353
    16      O                 -0.475
    17      N                 -0.392
    18      C                  0.356
    19      C                 -0.384
    20      O                 -0.507
    21      C                 -0.005
    22      N                 -0.146
    23      C                 -0.182
    24      C                 -0.115
    25      C                 -0.151
    26      C                 -0.065
    27      C                 -0.184
    28      C                 -0.154
    29      C                  0.060
    30      C                  0.255
    31      N                 -0.236
    32      H                  0.212
    33      H                  0.161
    34      H                  0.111
    35      H                  0.117
    36      H                  0.038
    37      H                  0.105
    38      H                  0.204
    39      H                  0.214
    40      H                  0.188
    41      H                  0.305
    42      H                  0.105
    43      H                  0.118
    44      H                  0.075
    45      H                  0.017
    46      H                  0.065
    47      H                  0.064
    48      H                  0.048
    49      H                  0.150
    50      H                  0.057
    51      H                  0.058
 Total Mulliken Charge =      -3.000
 
                  X        Y        Z     TOTAL  
  QM DIPOLE   205.640 -226.965   88.563  318.817
 
 Final Structure

  QMMM: QM Region Cartesian Coordinates (*=link atom) 
  QMMM: QM_NO.   MM_NO.  ATOM         X         Y         Z
  QMMM:     1        1      P      -13.0064   12.0553   -7.2139
  QMMM:     2        2      O      -12.9398   11.6126   -8.6464
  QMMM:     3        3      O      -11.9515   13.0397   -6.7562
  QMMM:     4        4      O      -13.3724   11.0024   -6.2031
  QMMM:     5        5      C      -14.8016   13.4514   -5.9094
  QMMM:     6        6      O      -14.3699   13.1275   -7.1700
  QMMM:     7        7      C      -14.5704   14.9487   -5.5792
  QMMM:     8        8      O      -13.2612   15.3740   -5.8702
  QMMM:     9        9      C      -15.5701   15.8325   -6.3524
  QMMM:    10       10      O      -16.8679   15.5887   -5.8145
  QMMM:    11       11      C      -15.2725   17.3479   -6.2810
  QMMM:    12       12      O      -16.1064   17.9316   -7.2793
  QMMM:    13       13      C      -15.6055   17.9157   -4.8833
  QMMM:    14       14      N      -16.8559   20.4786   -5.2901
  QMMM:    15       15      C      -17.5124   21.6960   -5.3480
  QMMM:    16       16      O      -18.6099   21.8661   -5.9534
  QMMM:    17       17      N      -16.9735   22.8588   -4.7294
  QMMM:    18       18      C      -15.7843   22.8183   -3.9979
  QMMM:    19       19      C      -15.1518   21.5245   -3.8715
  QMMM:    20       20      O      -15.3439   23.8990   -3.5089
  QMMM:    21       21      C      -13.1618   20.3346   -3.3370
  QMMM:    22       22      N      -14.0339   21.3971   -2.9920
  QMMM:    23       23      C      -11.8288   20.3333   -2.9024
  QMMM:    24       24      C      -10.9968   19.2258   -3.0982
  QMMM:    25       25      C       -9.5978   19.2559   -2.6135
  QMMM:    26       26      C      -11.4947   18.0990   -3.7589
  QMMM:    27       27      C      -10.6511   16.9023   -3.9929
  QMMM:    28       28      C      -12.8147   18.0898   -4.2252
  QMMM:    29       29      C      -13.6681   19.1879   -4.0403
  QMMM:    30       30      C      -15.6962   20.4037   -4.5727
  QMMM:    31       31      N      -14.9924   19.1790   -4.5303
  QMMM:    32       32      H      -17.4542   23.7195   -4.8269
  QMMM:    33       33      H      -13.5433   22.2768   -2.9432
  QMMM:    34       34      H      -14.1956   17.5182   -6.5554
  QMMM:    35       35      H      -15.5414   15.5213   -7.4352
  QMMM:    36       36      H      -14.7323   15.1108   -4.4747
  QMMM:    37       37      H      -11.4284   21.2173   -2.3839
  QMMM:    38       38      H      -13.1607   17.1803   -4.7579
  QMMM:    39       39      H      -16.1410   18.8793   -7.1108
  QMMM:    40       40      H      -17.4727   16.0908   -6.3732
  QMMM:    41       41      H      -12.7923   14.6281   -6.3410
  QMMM:    42       42      H      -15.2782   17.1468   -4.1235
  QMMM:    43       43      H      -16.7261   18.0102   -4.8134
  QMMM:    44       44      H      -14.2642   12.8366   -5.1313
  QMMM:    45       45      H      -15.9129   13.2694   -5.8234
  QMMM:    46       46      H       -9.3973   18.3758   -1.9517
  QMMM:    47       47      H       -8.8878   19.2025   -3.4774
  QMMM:    48       48      H       -9.3827   20.1889   -2.0372
  QMMM:    49       49      H      -11.1914   16.1400   -4.6177
  QMMM:    50       50      H       -9.7068   17.1898   -4.5193
  QMMM:    51       51      H      -10.3730   16.4297   -3.0176

           --------- Calculation Completed ----------

