            --------------------------------------------------------
                             AMBER SQM VERSION 19
 
                                     By
              Ross C. Walker, Michael F. Crowley, Scott Brozell,
                         Tim Giese, Andreas W. Goetz,
                        Tai-Sung Lee and David A. Case
 
            --------------------------------------------------------
 

--------------------------------------------------------------------------------
  QM CALCULATION INFO
--------------------------------------------------------------------------------

| QMMM: Citation for AMBER QMMM Run:
| QMMM: R.C. Walker, M.F. Crowley and D.A. Case, J. COMP. CHEM. 29:1019, 2008

QMMM: SINGLET STATE CALCULATION
QMMM: RHF CALCULATION, NO. OF DOUBLY OCCUPIED LEVELS = 34

| QMMM: *** Selected Hamiltonian *** 
| QMMM: AM1         

| QMMM: *** Parameter sets in use ***
| QMMM: C : M.J.S.DEWAR et al. JACS, 107, 3902, (1985)
| QMMM: N : M.J.S.DEWAR et al. JACS, 107, 3902, (1985)
| QMMM: O : M.J.S.DEWAR et al. JACS, 107, 3902, (1985)
| QMMM: H : M.J.S.DEWAR et al. JACS, 107, 3902, (1985)

| QMMM: *** SCF convergence criteria ***
| QMMM: Energy change                :  0.1D-09 kcal/mol
| QMMM: Error matrix |FP-PF|         :  0.1D+00 au
| QMMM: Density matrix change        :  0.5D-06
| QMMM: Maximum number of SCF cycles :     1000

| QMMM: *** Diagonalization Routine Information ***
| QMMM: Pseudo diagonalizations are allowed.
| QMMM: Auto diagonalization routine selection is in use.
| QMMM:
| QMMM: Timing diagonalization routines:
| QMMM:                              norbs =       59
| QMMM:    diag iterations used for timing =       15
| QMMM:
| QMMM:              Internal diag routine = 0.005439 seconds
| QMMM:                 Dspev diag routine = 0.006658 seconds
| QMMM:                Dspevd diag routine = 0.006273 seconds
| QMMM:                Dspevx diag routine = 0.026937 seconds
| QMMM:                 Dsyev diag routine = 0.009165 seconds
| QMMM:                Dsyevd diag routine = 0.007290 seconds
| QMMM:                Dsyevr diag routine = 0.008289 seconds
| QMMM:
| QMMM:                Pseudo diag routine = 0.001659 seconds
| QMMM:
| QMMM: Using internal diagonalization routine (diag_routine=1).

  QMMM: QM Region Cartesian Coordinates (*=link atom) 
  QMMM: QM_NO.   MM_NO.  ATOM         X         Y         Z
  QMMM:     1        1      C      -16.4490   22.8370   -1.2760
  QMMM:     2        2      N      -15.0740   20.4220   -0.4270
  QMMM:     3        3      O      -17.9960   18.7030    0.1070
  QMMM:     4        4      C      -17.1290   21.4970   -1.4840
  QMMM:     5        5      O      -18.1780   21.4070   -2.0380
  QMMM:     6        6      C      -16.4080   20.2800   -0.9530
  QMMM:     7        7      O      -16.9330   18.1260   -1.7910
  QMMM:     8        8      C      -17.1120   18.9390   -0.9400
  QMMM:     9        9      O      -14.6140   19.1700    0.0130
  QMMM:    10       10      C      -17.3650   23.9780   -1.7020
  QMMM:    11       11      C      -18.3900   17.3710    0.2390
  QMMM:    12       12      C      -18.5060   17.0790    1.7320
  QMMM:    13       13      H      -15.5450   22.8690   -1.8840
  QMMM:    14       14      H      -16.1990   22.9520   -0.2210
  QMMM:    15       15      H      -14.4650   18.5990   -0.7440
  QMMM:    16       16      H      -18.2780   23.9510   -1.1080
  QMMM:    17       17      H      -16.8580   24.9300   -1.5450
  QMMM:    18       18      H      -17.6150   23.8690   -2.7570
  QMMM:    19       19      H      -17.6650   16.7060   -0.2290
  QMMM:    20       20      H      -19.3530   17.2160   -0.2480
  QMMM:    21       21      H      -19.5570   17.0720    2.0200
  QMMM:    22       22      H      -18.0640   16.1060    1.9480
  QMMM:    23       23      H      -17.9810   17.8500    2.2960

--------------------------------------------------------------------------------
  RESULTS
--------------------------------------------------------------------------------

      iter         sqm energy              rms gradient
      ----    -------------------    -----------------------
xmin    10     -122.8345 kcal/mol        0.7875 kcal/(mol*A)
xmin    20     -123.2991 kcal/mol        0.6547 kcal/(mol*A)
xmin    30     -123.7681 kcal/mol        1.6820 kcal/(mol*A)
xmin    40     -125.4201 kcal/mol        0.7146 kcal/(mol*A)
xmin    50     -126.2769 kcal/mol        0.4446 kcal/(mol*A)
xmin    60     -126.7677 kcal/mol        0.3279 kcal/(mol*A)
xmin    70     -127.0927 kcal/mol        0.1817 kcal/(mol*A)
xmin    80     -127.2117 kcal/mol        0.2176 kcal/(mol*A)
xmin    90     -127.3030 kcal/mol        0.6654 kcal/(mol*A)
xmin   100     -127.5264 kcal/mol        0.2001 kcal/(mol*A)
xmin   110     -127.7589 kcal/mol        0.1703 kcal/(mol*A)
xmin   120     -127.9335 kcal/mol        0.2339 kcal/(mol*A)
xmin   130     -128.0395 kcal/mol        0.1978 kcal/(mol*A)
xmin   140     -128.1083 kcal/mol        0.1137 kcal/(mol*A)
xmin   150     -128.1180 kcal/mol        0.0437 kcal/(mol*A)
xmin   160     -128.1226 kcal/mol        0.0109 kcal/(mol*A)
xmin   170     -128.1230 kcal/mol        0.0194 kcal/(mol*A)
xmin   180     -128.1231 kcal/mol        0.0053 kcal/(mol*A)
xmin   190     -128.1231 kcal/mol        0.0073 kcal/(mol*A)
xmin   200     -128.1231 kcal/mol        0.0106 kcal/(mol*A)
xmin   210     -128.1231 kcal/mol        0.0015 kcal/(mol*A)
xmin   220     -128.1231 kcal/mol        0.0007 kcal/(mol*A)
  ... geometry converged !
 
 Final MO eigenvalues (eV):
 -42.0170  -40.7221  -39.9239  -37.7670  -34.5874  -33.7240  -32.6922  -28.0775
 -26.0132  -23.9852  -23.2008  -21.4198  -20.1841  -18.4995  -18.2093  -17.7884
 -16.8321  -16.1508  -16.0616  -15.8483  -15.5831  -15.2235  -14.0773  -13.9786
 -13.6944  -13.4001  -13.2769  -12.9494  -12.7915  -12.0968  -11.8774  -11.7998
 -11.1693  -10.9356   -0.5927    0.4005    1.0612    1.3651    1.9124    2.4063
   3.1150    3.3510    3.5835    3.6298    3.6722    3.6994    3.7814    3.9611
   4.1975    4.2691    4.3897    4.3904    4.6074    4.6868    4.8542    4.9442
   6.0134    6.1111    6.8391

 Heat of formation   =       -128.12312077 kcal/mol  (       -5.55583543 eV)

 Total SCF energy    =     -58468.59441653 kcal/mol  (    -2535.38850945 eV)
 Electronic energy   =    -280239.85332636 kcal/mol  (   -12152.11193471 eV)
 Core-core repulsion =     221771.25890983 kcal/mol  (     9616.72342526 eV)
 
    Atomic Charges for Step       1 :
  Atom    Element       Mulliken Charge
     1      C                 -0.204
     2      N                  0.117
     3      O                 -0.307
     4      C                  0.302
     5      O                 -0.246
     6      C                 -0.249
     7      O                 -0.328
     8      C                  0.333
     9      O                 -0.178
    10      C                 -0.207
    11      C                 -0.006
    12      C                 -0.223
    13      H                  0.133
    14      H                  0.112
    15      H                  0.224
    16      H                  0.086
    17      H                  0.080
    18      H                  0.090
    19      H                  0.096
    20      H                  0.101
    21      H                  0.094
    22      H                  0.095
    23      H                  0.087
 Total Mulliken Charge =      -0.000
 
                  X        Y        Z     TOTAL  
  QM DIPOLE     1.361   -3.499   -0.779    3.834
 
 Final Structure

  QMMM: QM Region Cartesian Coordinates (*=link atom) 
  QMMM: QM_NO.   MM_NO.  ATOM         X         Y         Z
  QMMM:     1        1      C      -16.5862   22.3871   -1.8114
  QMMM:     2        2      N      -16.3713   21.0703    1.3215
  QMMM:     3        3      O      -17.4211   18.5498    0.3586
  QMMM:     4        4      C      -17.4137   22.1218   -0.5933
  QMMM:     5        5      O      -18.3687   22.7954   -0.2167
  QMMM:     6        6      C      -16.9861   20.8933    0.1811
  QMMM:     7        7      O      -17.5986   19.4380   -1.6823
  QMMM:     8        8      C      -17.3569   19.6203   -0.4891
  QMMM:     9        9      O      -15.9509   20.1475    2.0927
  QMMM:    10       10      C      -16.9843   23.6576   -2.5156
  QMMM:    11       11      C      -17.8143   17.2861   -0.2161
  QMMM:    12       12      C      -17.8300   16.2961    0.9219
  QMMM:    13       13      H      -16.7022   21.5048   -2.5018
  QMMM:    14       14      H      -15.5077   22.4359   -1.5016
  QMMM:    15       15      H      -16.1762   19.2265    1.8200
  QMMM:    16       16      H      -16.8539   24.5383   -1.8412
  QMMM:    17       17      H      -16.3527   23.8028   -3.4246
  QMMM:    18       18      H      -18.0569   23.6141   -2.8245
  QMMM:    19       19      H      -17.0700   17.0111   -1.0082
  QMMM:    20       20      H      -18.8255   17.4096   -0.6842
  QMMM:    21       21      H      -18.5592   16.6096    1.7069
  QMMM:    22       22      H      -18.1277   15.2958    0.5254
  QMMM:    23       23      H      -16.8200   16.2169    1.3905

           --------- Calculation Completed ----------

